<?xml version="1.0" encoding="UTF-8"?>
<!-- Generated by org.testng.reporters.JUnitReportReporter -->
<testsuite hostname="DESKTOP-4THK8QU" failures="0" tests="1" name="com.Klu.Statement.CreateNewReportTc2" time="13.348" errors="0" timestamp="2021-09-03T14:24:35 IST" skipped="0">
  <testcase classname="com.Klu.Statement.CreateNewReportTc2" name="Remo" time="13.348"/>
  <system-out/>
</testsuite> <!-- com.Klu.Statement.CreateNewReportTc2 -->
