<?xml version="1.0" encoding="UTF-8"?>
<!-- Generated by org.testng.reporters.JUnitReportReporter -->
<testsuite hostname="DESKTOP-4THK8QU" failures="0" tests="1" name="com.Klu.Statement.CreateNewReportTc1" time="13.513" errors="0" timestamp="2021-09-03T13:47:04 IST" skipped="0">
  <testcase classname="com.Klu.Statement.CreateNewReportTc1" name="Demo" time="13.513"/>
  <system-out/>
</testsuite> <!-- com.Klu.Statement.CreateNewReportTc1 -->
