<?xml version="1.0" encoding="UTF-8"?>
<!-- Generated by org.testng.reporters.JUnitReportReporter -->
<testsuite hostname="DESKTOP-4THK8QU" failures="0" tests="1" name="com.Klu.Statement.CreateNewReportsTc3" time="10.888" errors="0" timestamp="2021-09-04T11:38:29 IST" skipped="0">
  <testcase classname="com.Klu.Statement.CreateNewReportsTc3" name="Sumo" time="10.888"/>
  <system-out/>
</testsuite> <!-- com.Klu.Statement.CreateNewReportsTc3 -->
